<?xml version="1.0" encoding="UTF-8"?>
<testsuite name="TesteCliente" tests="1" skipped="0" failures="0" errors="0" timestamp="2021-09-01T20:03:24" hostname="LAPTOP-0ENUU6D3" time="1.732">
  <properties/>
  <testcase name="Quando cadastrar cliente, entÃ£o deve estar disponivel no resultado" classname="TesteCliente" time="1.732"/>
  <system-out><![CDATA[HTTP/1.1 201 
X-Content-Type-Options: nosniff
X-XSS-Protection: 1; mode=block
Cache-Control: no-cache, no-store, max-age=0, must-revalidate
Pragma: no-cache
Expires: 0
X-Frame-Options: DENY
Content-Type: application/json
Transfer-Encoding: chunked
Date: Wed, 01 Sep 2021 20:03:26 GMT
Keep-Alive: timeout=60
Connection: keep-alive

{
    "2": {
        "nome": "joao",
        "idade": 20,
        "id": 2,
        "risco": 0
    }
}
]]></system-out>
  <system-err><![CDATA[]]></system-err>
</testsuite>
